<?xml version="1.0" ?>
<coverage version="7.13.5" timestamp="1775745430312" lines-valid="381" lines-covered="357" line-rate="0.937" branches-covered="0" branches-valid="0" branch-rate="0" complexity="0">
	<!-- Generated by coverage.py: https://coverage.readthedocs.io/en/7.13.5 -->
	<!-- Based on https://raw.githubusercontent.com/cobertura/web/master/htdocs/xml/coverage-04.dtd -->
	<sources>
		<source>D:\CMP\Data Science\Project\src</source>
	</sources>
	<packages>
		<package name="pipeline" line-rate="0.937" branch-rate="0" complexity="0">
			<classes>
				<class name="data_validation.py" filename="pipeline/data_validation.py" complexity="0" line-rate="0.937" branch-rate="0">
					<methods/>
					<lines>
						<line number="1" hits="1"/>
						<line number="2" hits="1"/>
						<line number="3" hits="1"/>
						<line number="4" hits="1"/>
						<line number="6" hits="1"/>
						<line number="7" hits="1"/>
						<line number="8" hits="1"/>
						<line number="9" hits="1"/>
						<line number="10" hits="1"/>
						<line number="14" hits="1"/>
						<line number="18" hits="1"/>
						<line number="34" hits="1"/>
						<line number="35" hits="1"/>
						<line number="36" hits="1"/>
						<line number="37" hits="1"/>
						<line number="41" hits="1"/>
						<line number="46" hits="1"/>
						<line number="47" hits="1"/>
						<line number="48" hits="1"/>
						<line number="50" hits="1"/>
						<line number="51" hits="1"/>
						<line number="52" hits="1"/>
						<line number="53" hits="1"/>
						<line number="54" hits="1"/>
						<line number="56" hits="1"/>
						<line number="93" hits="1"/>
						<line number="117" hits="1"/>
						<line number="118" hits="1"/>
						<line number="131" hits="1"/>
						<line number="135" hits="1"/>
						<line number="137" hits="1"/>
						<line number="140" hits="1"/>
						<line number="141" hits="1"/>
						<line number="142" hits="1"/>
						<line number="152" hits="1"/>
						<line number="153" hits="1"/>
						<line number="154" hits="1"/>
						<line number="164" hits="1"/>
						<line number="196" hits="1"/>
						<line number="197" hits="1"/>
						<line number="198" hits="0"/>
						<line number="199" hits="1"/>
						<line number="200" hits="1"/>
						<line number="201" hits="1"/>
						<line number="210" hits="1"/>
						<line number="218" hits="1"/>
						<line number="222" hits="1"/>
						<line number="224" hits="1"/>
						<line number="226" hits="1"/>
						<line number="233" hits="1"/>
						<line number="234" hits="1"/>
						<line number="235" hits="1"/>
						<line number="236" hits="1"/>
						<line number="246" hits="1"/>
						<line number="247" hits="1"/>
						<line number="248" hits="1"/>
						<line number="258" hits="1"/>
						<line number="259" hits="1"/>
						<line number="260" hits="1"/>
						<line number="270" hits="1"/>
						<line number="271" hits="1"/>
						<line number="272" hits="1"/>
						<line number="283" hits="1"/>
						<line number="284" hits="1"/>
						<line number="285" hits="1"/>
						<line number="286" hits="0"/>
						<line number="288" hits="1"/>
						<line number="289" hits="1"/>
						<line number="290" hits="0"/>
						<line number="291" hits="1"/>
						<line number="292" hits="1"/>
						<line number="293" hits="1"/>
						<line number="302" hits="1"/>
						<line number="310" hits="1"/>
						<line number="314" hits="1"/>
						<line number="316" hits="1"/>
						<line number="319" hits="1"/>
						<line number="329" hits="1"/>
						<line number="330" hits="1"/>
						<line number="331" hits="1"/>
						<line number="332" hits="1"/>
						<line number="333" hits="1"/>
						<line number="342" hits="1"/>
						<line number="350" hits="1"/>
						<line number="354" hits="1"/>
						<line number="355" hits="1"/>
						<line number="358" hits="1"/>
						<line number="359" hits="1"/>
						<line number="370" hits="1"/>
						<line number="375" hits="1"/>
						<line number="376" hits="1"/>
						<line number="378" hits="1"/>
						<line number="389" hits="1"/>
						<line number="390" hits="1"/>
						<line number="391" hits="1"/>
						<line number="400" hits="1"/>
						<line number="408" hits="1"/>
						<line number="412" hits="1"/>
						<line number="413" hits="1"/>
						<line number="415" hits="1"/>
						<line number="416" hits="1"/>
						<line number="417" hits="0"/>
						<line number="425" hits="0"/>
						<line number="428" hits="1"/>
						<line number="429" hits="1"/>
						<line number="430" hits="1"/>
						<line number="431" hits="1"/>
						<line number="432" hits="1"/>
						<line number="433" hits="1"/>
						<line number="434" hits="1"/>
						<line number="435" hits="1"/>
						<line number="437" hits="1"/>
						<line number="438" hits="1"/>
						<line number="439" hits="1"/>
						<line number="440" hits="1"/>
						<line number="450" hits="1"/>
						<line number="451" hits="1"/>
						<line number="452" hits="1"/>
						<line number="453" hits="1"/>
						<line number="454" hits="1"/>
						<line number="455" hits="1"/>
						<line number="456" hits="1"/>
						<line number="457" hits="1"/>
						<line number="458" hits="1"/>
						<line number="459" hits="1"/>
						<line number="461" hits="1"/>
						<line number="462" hits="1"/>
						<line number="463" hits="1"/>
						<line number="464" hits="1"/>
						<line number="474" hits="1"/>
						<line number="475" hits="1"/>
						<line number="476" hits="1"/>
						<line number="477" hits="1"/>
						<line number="478" hits="1"/>
						<line number="479" hits="1"/>
						<line number="480" hits="1"/>
						<line number="481" hits="1"/>
						<line number="489" hits="0"/>
						<line number="490" hits="0"/>
						<line number="501" hits="1"/>
						<line number="502" hits="1"/>
						<line number="503" hits="1"/>
						<line number="508" hits="1"/>
						<line number="517" hits="1"/>
						<line number="525" hits="1"/>
						<line number="529" hits="1"/>
						<line number="530" hits="1"/>
						<line number="533" hits="1"/>
						<line number="555" hits="1"/>
						<line number="556" hits="1"/>
						<line number="557" hits="0"/>
						<line number="558" hits="1"/>
						<line number="559" hits="1"/>
						<line number="560" hits="1"/>
						<line number="572" hits="1"/>
						<line number="579" hits="1"/>
						<line number="580" hits="0"/>
						<line number="581" hits="1"/>
						<line number="584" hits="1"/>
						<line number="593" hits="1"/>
						<line number="601" hits="1"/>
						<line number="605" hits="1"/>
						<line number="606" hits="1"/>
						<line number="608" hits="1"/>
						<line number="611" hits="1"/>
						<line number="612" hits="1"/>
						<line number="615" hits="1"/>
						<line number="616" hits="0"/>
						<line number="617" hits="1"/>
						<line number="618" hits="1"/>
						<line number="621" hits="1"/>
						<line number="622" hits="0"/>
						<line number="623" hits="1"/>
						<line number="624" hits="1"/>
						<line number="626" hits="0"/>
						<line number="629" hits="1"/>
						<line number="630" hits="1"/>
						<line number="631" hits="1"/>
						<line number="632" hits="0"/>
						<line number="634" hits="1"/>
						<line number="636" hits="1"/>
						<line number="638" hits="1"/>
						<line number="655" hits="1"/>
						<line number="656" hits="1"/>
						<line number="657" hits="1"/>
						<line number="658" hits="1"/>
						<line number="659" hits="0"/>
						<line number="660" hits="1"/>
						<line number="661" hits="1"/>
						<line number="662" hits="1"/>
						<line number="663" hits="1"/>
						<line number="664" hits="1"/>
						<line number="674" hits="1"/>
						<line number="675" hits="1"/>
						<line number="676" hits="1"/>
						<line number="684" hits="1"/>
						<line number="685" hits="1"/>
						<line number="695" hits="1"/>
						<line number="696" hits="1"/>
						<line number="697" hits="1"/>
						<line number="706" hits="1"/>
						<line number="707" hits="1"/>
						<line number="708" hits="1"/>
						<line number="717" hits="1"/>
						<line number="718" hits="1"/>
						<line number="719" hits="0"/>
						<line number="720" hits="1"/>
						<line number="721" hits="1"/>
						<line number="730" hits="1"/>
						<line number="738" hits="1"/>
						<line number="742" hits="1"/>
						<line number="743" hits="1"/>
						<line number="746" hits="1"/>
						<line number="753" hits="1"/>
						<line number="754" hits="0"/>
						<line number="762" hits="0"/>
						<line number="765" hits="1"/>
						<line number="766" hits="1"/>
						<line number="767" hits="1"/>
						<line number="774" hits="1"/>
						<line number="775" hits="1"/>
						<line number="776" hits="0"/>
						<line number="777" hits="1"/>
						<line number="778" hits="1"/>
						<line number="779" hits="1"/>
						<line number="780" hits="1"/>
						<line number="781" hits="1"/>
						<line number="782" hits="1"/>
						<line number="783" hits="1"/>
						<line number="793" hits="1"/>
						<line number="794" hits="1"/>
						<line number="797" hits="1"/>
						<line number="798" hits="1"/>
						<line number="799" hits="1"/>
						<line number="800" hits="1"/>
						<line number="801" hits="1"/>
						<line number="802" hits="1"/>
						<line number="803" hits="1"/>
						<line number="804" hits="1"/>
						<line number="805" hits="1"/>
						<line number="820" hits="1"/>
						<line number="821" hits="1"/>
						<line number="822" hits="1"/>
						<line number="823" hits="1"/>
						<line number="824" hits="1"/>
						<line number="825" hits="1"/>
						<line number="826" hits="0"/>
						<line number="827" hits="1"/>
						<line number="828" hits="1"/>
						<line number="829" hits="1"/>
						<line number="839" hits="1"/>
						<line number="840" hits="1"/>
						<line number="841" hits="1"/>
						<line number="850" hits="1"/>
						<line number="857" hits="1"/>
						<line number="861" hits="1"/>
						<line number="862" hits="1"/>
						<line number="864" hits="1"/>
						<line number="865" hits="1"/>
						<line number="874" hits="1"/>
						<line number="875" hits="1"/>
						<line number="876" hits="1"/>
						<line number="877" hits="1"/>
						<line number="886" hits="1"/>
						<line number="895" hits="1"/>
						<line number="896" hits="1"/>
						<line number="897" hits="1"/>
						<line number="907" hits="1"/>
						<line number="908" hits="1"/>
						<line number="917" hits="1"/>
						<line number="924" hits="1"/>
						<line number="928" hits="1"/>
						<line number="931" hits="1"/>
						<line number="932" hits="1"/>
						<line number="933" hits="1"/>
						<line number="940" hits="1"/>
						<line number="941" hits="1"/>
						<line number="948" hits="1"/>
						<line number="949" hits="1"/>
						<line number="950" hits="1"/>
						<line number="957" hits="1"/>
						<line number="958" hits="1"/>
						<line number="959" hits="1"/>
						<line number="966" hits="1"/>
						<line number="967" hits="1"/>
						<line number="968" hits="1"/>
						<line number="969" hits="1"/>
						<line number="970" hits="1"/>
						<line number="971" hits="1"/>
						<line number="972" hits="1"/>
						<line number="973" hits="1"/>
						<line number="974" hits="1"/>
						<line number="975" hits="1"/>
						<line number="982" hits="1"/>
						<line number="983" hits="1"/>
						<line number="984" hits="1"/>
						<line number="991" hits="1"/>
						<line number="992" hits="1"/>
						<line number="993" hits="1"/>
						<line number="994" hits="1"/>
						<line number="995" hits="1"/>
						<line number="996" hits="1"/>
						<line number="997" hits="1"/>
						<line number="1004" hits="1"/>
						<line number="1009" hits="1"/>
						<line number="1010" hits="1"/>
						<line number="1011" hits="1"/>
						<line number="1012" hits="1"/>
						<line number="1013" hits="1"/>
						<line number="1014" hits="1"/>
						<line number="1020" hits="1"/>
						<line number="1026" hits="1"/>
						<line number="1066" hits="1"/>
						<line number="1067" hits="1"/>
						<line number="1068" hits="1"/>
						<line number="1069" hits="1"/>
						<line number="1071" hits="1"/>
						<line number="1082" hits="1"/>
						<line number="1083" hits="1"/>
						<line number="1084" hits="1"/>
						<line number="1086" hits="1"/>
						<line number="1088" hits="1"/>
						<line number="1089" hits="1"/>
						<line number="1090" hits="1"/>
						<line number="1091" hits="1"/>
						<line number="1092" hits="1"/>
						<line number="1094" hits="1"/>
						<line number="1095" hits="1"/>
						<line number="1096" hits="1"/>
						<line number="1099" hits="1"/>
						<line number="1100" hits="1"/>
						<line number="1101" hits="1"/>
						<line number="1102" hits="1"/>
						<line number="1103" hits="1"/>
						<line number="1106" hits="1"/>
						<line number="1109" hits="1"/>
						<line number="1110" hits="1"/>
						<line number="1111" hits="1"/>
						<line number="1112" hits="1"/>
						<line number="1113" hits="1"/>
						<line number="1114" hits="1"/>
						<line number="1115" hits="1"/>
						<line number="1116" hits="1"/>
						<line number="1117" hits="1"/>
						<line number="1118" hits="1"/>
						<line number="1121" hits="1"/>
						<line number="1122" hits="1"/>
						<line number="1123" hits="0"/>
						<line number="1126" hits="1"/>
						<line number="1127" hits="1"/>
						<line number="1152" hits="1"/>
						<line number="1153" hits="1"/>
						<line number="1155" hits="1"/>
						<line number="1156" hits="1"/>
						<line number="1157" hits="1"/>
						<line number="1160" hits="1"/>
						<line number="1168" hits="1"/>
						<line number="1169" hits="1"/>
						<line number="1170" hits="1"/>
						<line number="1172" hits="1"/>
						<line number="1184" hits="1"/>
						<line number="1185" hits="1"/>
						<line number="1186" hits="1"/>
						<line number="1188" hits="1"/>
						<line number="1192" hits="1"/>
						<line number="1195" hits="1"/>
						<line number="1196" hits="1"/>
						<line number="1197" hits="1"/>
						<line number="1198" hits="1"/>
						<line number="1200" hits="1"/>
						<line number="1202" hits="1"/>
						<line number="1203" hits="1"/>
						<line number="1207" hits="0"/>
						<line number="1209" hits="1"/>
						<line number="1212" hits="1"/>
						<line number="1213" hits="0"/>
						<line number="1215" hits="1"/>
						<line number="1216" hits="1"/>
						<line number="1217" hits="1"/>
						<line number="1218" hits="0"/>
						<line number="1219" hits="0"/>
					</lines>
				</class>
			</classes>
		</package>
	</packages>
</coverage>
